ago. 18, 2025 8:59:11 PM liquibase.changelog
INFO: Reading resource: db/changelog/migrations/db.changelog202508162013.sql
ago. 18, 2025 8:59:11 PM liquibase.changelog
INFO: Reading from board.databasechangelog
ago. 18, 2025 8:59:11 PM liquibase.changelog
INFO: Reading resource: db/changelog/migrations/db.changelog202508171900.sql
ago. 18, 2025 8:59:11 PM liquibase.changelog
INFO: Reading resource: db/changelog/migrations/db.changelog202508171951.sql
ago. 18, 2025 8:59:11 PM liquibase.changelog
INFO: Reading resource: db/changelog/migrations/db.changelog202508171952.sql
Database is up to date, no changesets to execute
ago. 18, 2025 8:59:11 PM liquibase.changelog
INFO: Reading from board.databasechangelog

UPDATE SUMMARY
Run:                          0
Previously run:               4
Filtered out:                 0
-------------------------------
Total change sets:            4

ago. 18, 2025 8:59:11 PM liquibase.util
INFO: UPDATE SUMMARY
ago. 18, 2025 8:59:11 PM liquibase.util
INFO: Run:                          0
ago. 18, 2025 8:59:11 PM liquibase.util
INFO: Previously run:               4
ago. 18, 2025 8:59:11 PM liquibase.util
INFO: Filtered out:                 0
ago. 18, 2025 8:59:11 PM liquibase.util
INFO: -------------------------------
ago. 18, 2025 8:59:11 PM liquibase.util
INFO: Total change sets:            4
ago. 18, 2025 8:59:11 PM liquibase.util
INFO: Update summary generated
ago. 18, 2025 8:59:11 PM liquibase.command
INFO: Command execution complete
